================================================
  NLOC    CCN   token  PARAM  length  location  
------------------------------------------------
       3      1     14      0       3 main@5-7@src/main.py
       5      2     48      3       5 __call__@13-17@src/modules/dbhandler.py
       5      1     43      1       6 __init__@22-27@src/modules/dbhandler.py
       8      2     35      2       8 _create_connection@29-36@src/modules/dbhandler.py
      19      1     27      1      21 _setup_database@38-58@src/modules/dbhandler.py
       2      1      9      1       2 get_connection@60-61@src/modules/dbhandler.py
       5      1     27      1       7 get_boards@64-70@src/modules/dbhandler.py
      19      2    118      3      21 _load_board@73-93@src/modules/dbhandler.py
      19      1     72      2      24 get_board@96-119@src/modules/dbhandler.py
       9      1     53      3      12 create_board@122-133@src/modules/dbhandler.py
       5      1     35      2       7 delete_board@135-141@src/modules/dbhandler.py
      26      1    105      2      30 get_task@143-172@src/modules/dbhandler.py
      19      1     99      5      22 create_task@175-196@src/modules/dbhandler.py
       8      1     40      3      10 update_task@199-208@src/modules/dbhandler.py
       5      1     35      2       7 delete_task@211-217@src/modules/dbhandler.py
      20      2    187      1      23 __init__@11-33@src/modules/clicontroller.py
       3      1     25      1       3 save_configs@35-37@src/modules/clicontroller.py
       3      1     19      1       3 _reset_flags@39-41@src/modules/clicontroller.py
      27      1    272      1      32 main@43-74@src/modules/clicontroller.py
       4      1     46      1       4 board_create.board_create_cmd@77-80@src/modules/clicontroller.py
       3      1      9      1       7 board_create@76-82@src/modules/clicontroller.py
       4      2     30      0       4 board_list.board_list_cmd@85-88@src/modules/clicontroller.py
       3      1      9      1       7 board_list@84-90@src/modules/clicontroller.py
       9      2     66      1       9 board_checkout.board_checkout_cmd@93-101@src/modules/clicontroller.py
       3      1      9      1      12 board_checkout@92-103@src/modules/clicontroller.py
       4      2     40      1       4 board_delete.board_delete_cmd@106-109@src/modules/clicontroller.py
       3      1      9      1       7 board_delete@105-111@src/modules/clicontroller.py
       5      1     55      1       5 task_create.task_create_cmd@114-118@src/modules/clicontroller.py
       3      1     21      1       7 task_create@113-119@src/modules/clicontroller.py
       2      1     14      1       2 label_flag.set_label_flag@122-123@src/modules/clicontroller.py
       3      1     18      1       4 label_flag@121-124@src/modules/clicontroller.py
       2      1     17      1       2 priority_flag.set_priority_flag@127-128@src/modules/clicontroller.py
       3      1     18      1       4 priority_flag@126-129@src/modules/clicontroller.py
       5      1     54      1       5 task_update.task_update_cmd@132-136@src/modules/clicontroller.py
       3      1     21      1       7 task_update@131-137@src/modules/clicontroller.py
      10      1     87      1      10 task_describe.task_describe_cmd@140-149@src/modules/clicontroller.py
       3      1     21      1      12 task_describe@139-150@src/modules/clicontroller.py
       4      2     38      0       4 task_list.task_list_cmd@153-156@src/modules/clicontroller.py
       3      1     17      1       6 task_list@152-157@src/modules/clicontroller.py
      12      1    124      2      12 __init__@10-21@src/modules/command.py
       3      1     14      2       3 with_descryption@23-25@src/modules/command.py
       7      2     50      4       7 with_args@27-33@src/modules/command.py
       3      1     25      3       3 with_no_args@35-37@src/modules/command.py
      13      4     72      2      13 with_sub_command@39-51@src/modules/command.py
       8      2     69      5       8 with_flag@53-60@src/modules/command.py
       2      1     11      1       2 help@62-63@src/modules/command.py
       2      1     12      2       2 set_argv@65-66@src/modules/command.py
       9      3     42      1       9 run@68-76@src/modules/command.py
       2      1     22      1       2 parse_system_call@78-79@src/modules/command.py
       6      2     41      1       6 consume@81-86@src/modules/command.py
       5      2     24      1       5 parse@88-92@src/modules/command.py
      12      3     73      1      12 parse_super@94-105@src/modules/command.py
      11      4     68      1      11 parse_common@107-117@src/modules/command.py
       2      1     16      1       2 super@119-120@src/modules/command.py
      16      7     93      1      16 shell@122-137@src/modules/command.py
       5      2     36      1       5 get_arguments@139-143@src/modules/command.py
       2      1     18      2       2 is_flag@145-146@src/modules/command.py
      17      6    107      1      17 parse_flags@148-164@src/modules/command.py
       2      1     13      1       2 zero_args_command_function.new_func@168-169@src/modules/command.py
       3      1     29      2       4 zero_args_command_function@167-170@src/modules/command.py
       5      1     45      4       5 __init__@7-11@src/modules/board.py
       2      1     11      1       2 get_board_id@13-14@src/modules/board.py
       2      1     11      1       2 get_board_name@16-17@src/modules/board.py
       2      1     11      1       2 get_board_label@19-20@src/modules/board.py
       2      1      9      1       2 get_all_tasks@23-24@src/modules/board.py
       5      3     27      2       6 get_task@26-31@src/modules/board.py
       2      1     17      2       2 add_task@33-34@src/modules/board.py
       6      3     39      3       7 update_task_status@36-42@src/modules/board.py
       3      1     33      2       3 delete_task@44-46@src/modules/board.py
      11      1     81      9      11 __init__@4-14@src/modules/task.py
       2      1     14      2       2 update_status@16-17@src/modules/task.py
      11      1     55      1      11 get_task_details@19-29@src/modules/task.py
       2      1      6      1       2 start_working@31-32@src/modules/task.py
       2      1      6      1       2 stop_working@34-35@src/modules/task.py
6 file analyzed.
==============================================================
NLOC    Avg.NLOC  AvgCCN  Avg.token  function_cnt    file
--------------------------------------------------------------
      7       3.0     1.0       14.0         1     src/main.py
    163      11.0     1.2       53.3        14     src/modules/dbhandler.py
    129       5.5     1.2       45.9        24     src/modules/clicontroller.py
    146       6.8     2.2       45.7        21     src/modules/command.py
     32       3.2     1.4       22.6         9     src/modules/board.py
     30       5.6     1.0       32.4         5     src/modules/task.py

==========================================================================================================
!!!! Warnings (cyclomatic_complexity > 5 or length > 1000 or nloc > 1000000 or parameter_count > 100) !!!!
================================================
  NLOC    CCN   token  PARAM  length  location  
------------------------------------------------
      16      7     93      1      16 shell@122-137@src/modules/command.py
      17      6    107      1      17 parse_flags@148-164@src/modules/command.py
==========================================================================================
Total nloc   Avg.NLOC  AvgCCN  Avg.token   Fun Cnt  Warning cnt   Fun Rt   nloc Rt
------------------------------------------------------------------------------------------
       507       6.6     1.5       43.1       74            2      0.03    0.07
